2020-10-22T13:09:11+00:00 CRITICAL syntax error, unexpected ')', expecting ';' en C:\xampp\htdocs\develop\wp-content\plugins\helloworld\admin\configuration.php en la línea 42

2020-10-22T13:19:22+00:00 CRITICAL Uncaught Error: Object of class stdClass could not be converted to string in C:\xampp\htdocs\develop\wp-content\plugins\helloworld\admin\configuration.php:38
Stack trace:
#0 C:\xampp\htdocs\develop\wp-admin\admin.php(293): include()
#1 {main}
  thrown en C:\xampp\htdocs\develop\wp-content\plugins\helloworld\admin\configuration.php en la línea 38

2020-10-22T13:21:10+00:00 CRITICAL syntax error, unexpected '<', expecting :: (T_PAAMAYIM_NEKUDOTAYIM) en C:\xampp\htdocs\develop\wp-content\plugins\helloworld\admin\configuration.php en la línea 38

2020-10-22T13:21:28+00:00 CRITICAL Uncaught Error: Cannot use object of type stdClass as array in C:\xampp\htdocs\develop\wp-content\plugins\helloworld\admin\configuration.php:38
Stack trace:
#0 C:\xampp\htdocs\develop\wp-admin\admin.php(293): include()
#1 {main}
  thrown en C:\xampp\htdocs\develop\wp-content\plugins\helloworld\admin\configuration.php en la línea 38

2020-10-22T13:23:15+00:00 CRITICAL Uncaught Error: Cannot use object of type stdClass as array in C:\xampp\htdocs\develop\wp-content\plugins\helloworld\admin\configuration.php:39
Stack trace:
#0 C:\xampp\htdocs\develop\wp-admin\admin.php(293): include()
#1 {main}
  thrown en C:\xampp\htdocs\develop\wp-content\plugins\helloworld\admin\configuration.php en la línea 39

2020-10-22T13:23:20+00:00 CRITICAL Uncaught Error: Cannot use object of type stdClass as array in C:\xampp\htdocs\develop\wp-content\plugins\helloworld\admin\configuration.php:39
Stack trace:
#0 C:\xampp\htdocs\develop\wp-admin\admin.php(293): include()
#1 {main}
  thrown en C:\xampp\htdocs\develop\wp-content\plugins\helloworld\admin\configuration.php en la línea 39

2020-10-22T19:15:13+00:00 CRITICAL syntax error, unexpected end of file en C:\xampp\htdocs\develop\wp-content\themes\storefront\functions.php en la línea 81

2020-10-22T19:15:19+00:00 CRITICAL syntax error, unexpected end of file en C:\xampp\htdocs\develop\wp-content\themes\storefront\functions.php en la línea 81

2020-10-22T20:43:28+00:00 CRITICAL Uncaught Error: Call to undefined function storefront_header_styles() in C:\xampp\htdocs\develop\wp-content\themes\customizephp\header.php:30
Stack trace:
#0 C:\xampp\htdocs\develop\wp-includes\template.php(730): require_once()
#1 C:\xampp\htdocs\develop\wp-includes\template.php(676): load_template('C:\\xampp\\htdocs...', true, Array)
#2 C:\xampp\htdocs\develop\wp-includes\general-template.php(48): locate_template(Array, true, true, Array)
#3 C:\xampp\htdocs\develop\wp-content\themes\customizephp\page.php(13): get_header()
#4 C:\xampp\htdocs\develop\wp-includes\template-loader.php(106): include('C:\\xampp\\htdocs...')
#5 C:\xampp\htdocs\develop\wp-blog-header.php(19): require_once('C:\\xampp\\htdocs...')
#6 C:\xampp\htdocs\develop\index.php(17): require('C:\\xampp\\htdocs...')
#7 {main}
  thrown en C:\xampp\htdocs\develop\wp-content\themes\customizephp\header.php en la línea 30

2020-10-22T20:44:23+00:00 CRITICAL Uncaught Error: Call to undefined function storefront_header_styles() in C:\xampp\htdocs\develop\wp-content\themes\customizephp\header.php:30
Stack trace:
#0 C:\xampp\htdocs\develop\wp-includes\template.php(730): require_once()
#1 C:\xampp\htdocs\develop\wp-includes\template.php(676): load_template('C:\\xampp\\htdocs...', true, Array)
#2 C:\xampp\htdocs\develop\wp-includes\general-template.php(48): locate_template(Array, true, true, Array)
#3 C:\xampp\htdocs\develop\wp-content\themes\customizephp\page.php(13): get_header()
#4 C:\xampp\htdocs\develop\wp-includes\template-loader.php(106): include('C:\\xampp\\htdocs...')
#5 C:\xampp\htdocs\develop\wp-blog-header.php(19): require_once('C:\\xampp\\htdocs...')
#6 C:\xampp\htdocs\develop\index.php(17): require('C:\\xampp\\htdocs...')
#7 {main}
  thrown en C:\xampp\htdocs\develop\wp-content\themes\customizephp\header.php en la línea 30

2020-10-22T22:31:46+00:00 CRITICAL Uncaught Error: Call to undefined function storefront_header_styles() in C:\xampp\htdocs\develop\wp-content\themes\customizephp\header.php:30
Stack trace:
#0 C:\xampp\htdocs\develop\wp-includes\template.php(730): require_once()
#1 C:\xampp\htdocs\develop\wp-includes\template.php(676): load_template('C:\\xampp\\htdocs...', true, Array)
#2 C:\xampp\htdocs\develop\wp-includes\general-template.php(48): locate_template(Array, true, true, Array)
#3 C:\xampp\htdocs\develop\wp-content\themes\customizephp\page.php(13): get_header()
#4 C:\xampp\htdocs\develop\wp-includes\template-loader.php(106): include('C:\\xampp\\htdocs...')
#5 C:\xampp\htdocs\develop\wp-blog-header.php(19): require_once('C:\\xampp\\htdocs...')
#6 C:\xampp\htdocs\develop\index.php(17): require('C:\\xampp\\htdocs...')
#7 {main}
  thrown en C:\xampp\htdocs\develop\wp-content\themes\customizephp\header.php en la línea 30

2020-10-22T22:31:54+00:00 CRITICAL Uncaught Error: Call to undefined function storefront_header_styles() in C:\xampp\htdocs\develop\wp-content\themes\customizephp\header.php:30
Stack trace:
#0 C:\xampp\htdocs\develop\wp-includes\template.php(730): require_once()
#1 C:\xampp\htdocs\develop\wp-includes\template.php(676): load_template('C:\\xampp\\htdocs...', true, Array)
#2 C:\xampp\htdocs\develop\wp-includes\general-template.php(48): locate_template(Array, true, true, Array)
#3 C:\xampp\htdocs\develop\wp-content\themes\customizephp\page.php(13): get_header()
#4 C:\xampp\htdocs\develop\wp-includes\template-loader.php(106): include('C:\\xampp\\htdocs...')
#5 C:\xampp\htdocs\develop\wp-blog-header.php(19): require_once('C:\\xampp\\htdocs...')
#6 C:\xampp\htdocs\develop\index.php(17): require('C:\\xampp\\htdocs...')
#7 {main}
  thrown en C:\xampp\htdocs\develop\wp-content\themes\customizephp\header.php en la línea 30

2020-10-22T22:32:27+00:00 CRITICAL Uncaught Error: Call to undefined function storefront_header_styles() in C:\xampp\htdocs\develop\wp-content\themes\customizephp\header.php:30
Stack trace:
#0 C:\xampp\htdocs\develop\wp-includes\template.php(730): require_once()
#1 C:\xampp\htdocs\develop\wp-includes\template.php(676): load_template('C:\\xampp\\htdocs...', true, Array)
#2 C:\xampp\htdocs\develop\wp-includes\general-template.php(48): locate_template(Array, true, true, Array)
#3 C:\xampp\htdocs\develop\wp-content\themes\customizephp\page.php(13): get_header()
#4 C:\xampp\htdocs\develop\wp-includes\template-loader.php(106): include('C:\\xampp\\htdocs...')
#5 C:\xampp\htdocs\develop\wp-blog-header.php(19): require_once('C:\\xampp\\htdocs...')
#6 C:\xampp\htdocs\develop\index.php(17): require('C:\\xampp\\htdocs...')
#7 {main}
  thrown en C:\xampp\htdocs\develop\wp-content\themes\customizephp\header.php en la línea 30

2020-10-22T22:32:44+00:00 CRITICAL Uncaught Error: Call to undefined function storefront_header_styles() in C:\xampp\htdocs\develop\wp-content\themes\customizephp\header.php:30
Stack trace:
#0 C:\xampp\htdocs\develop\wp-includes\template.php(730): require_once()
#1 C:\xampp\htdocs\develop\wp-includes\template.php(676): load_template('C:\\xampp\\htdocs...', true, Array)
#2 C:\xampp\htdocs\develop\wp-includes\general-template.php(48): locate_template(Array, true, true, Array)
#3 C:\xampp\htdocs\develop\wp-content\themes\customizephp\page.php(13): get_header()
#4 C:\xampp\htdocs\develop\wp-includes\template-loader.php(106): include('C:\\xampp\\htdocs...')
#5 C:\xampp\htdocs\develop\wp-blog-header.php(19): require_once('C:\\xampp\\htdocs...')
#6 C:\xampp\htdocs\develop\index.php(17): require('C:\\xampp\\htdocs...')
#7 {main}
  thrown en C:\xampp\htdocs\develop\wp-content\themes\customizephp\header.php en la línea 30

2020-10-22T22:32:57+00:00 CRITICAL Uncaught Error: Call to undefined function storefront_header_styles() in C:\xampp\htdocs\develop\wp-content\themes\customizephp\header.php:30
Stack trace:
#0 C:\xampp\htdocs\develop\wp-includes\template.php(730): require_once()
#1 C:\xampp\htdocs\develop\wp-includes\template.php(676): load_template('C:\\xampp\\htdocs...', true, Array)
#2 C:\xampp\htdocs\develop\wp-includes\general-template.php(48): locate_template(Array, true, true, Array)
#3 C:\xampp\htdocs\develop\wp-content\themes\customizephp\page.php(13): get_header()
#4 C:\xampp\htdocs\develop\wp-includes\template-loader.php(106): include('C:\\xampp\\htdocs...')
#5 C:\xampp\htdocs\develop\wp-blog-header.php(19): require_once('C:\\xampp\\htdocs...')
#6 C:\xampp\htdocs\develop\index.php(17): require('C:\\xampp\\htdocs...')
#7 {main}
  thrown en C:\xampp\htdocs\develop\wp-content\themes\customizephp\header.php en la línea 30

