2020-10-21T15:11:46+00:00 CRITICAL syntax error, unexpected 'foreach' (T_FOREACH) en C:\xampp\htdocs\develop\wp-content\plugins\helloworld\admin\configuration.php en la línea 29

2020-10-21T15:11:49+00:00 CRITICAL syntax error, unexpected 'foreach' (T_FOREACH) en C:\xampp\htdocs\develop\wp-content\plugins\helloworld\admin\configuration.php en la línea 29

2020-10-21T15:13:09+00:00 CRITICAL syntax error, unexpected 'echo' (T_ECHO) en C:\xampp\htdocs\develop\wp-content\plugins\helloworld\admin\configuration.php en la línea 29

2020-10-21T15:13:40+00:00 CRITICAL syntax error, unexpected 'print_r' (T_STRING) en C:\xampp\htdocs\develop\wp-content\plugins\helloworld\admin\configuration.php en la línea 29

2020-10-21T15:14:39+00:00 CRITICAL syntax error, unexpected 'var_dump' (T_STRING) en C:\xampp\htdocs\develop\wp-content\plugins\helloworld\admin\configuration.php en la línea 29

2020-10-21T15:16:05+00:00 CRITICAL syntax error, unexpected 'var_dump' (T_STRING) en C:\xampp\htdocs\develop\wp-content\plugins\helloworld\admin\configuration.php en la línea 30

2020-10-21T15:16:08+00:00 CRITICAL syntax error, unexpected 'var_dump' (T_STRING) en C:\xampp\htdocs\develop\wp-content\plugins\helloworld\admin\configuration.php en la línea 30

2020-10-21T15:16:37+00:00 CRITICAL syntax error, unexpected 'var_dump' (T_STRING) en C:\xampp\htdocs\develop\wp-content\plugins\helloworld\admin\configuration.php en la línea 30

2020-10-21T15:18:18+00:00 CRITICAL syntax error, unexpected 'foreach' (T_FOREACH) en C:\xampp\htdocs\develop\wp-content\plugins\helloworld\admin\configuration.php en la línea 32

2020-10-21T15:20:47+00:00 CRITICAL syntax error, unexpected 'foreach' (T_FOREACH) en C:\xampp\htdocs\develop\wp-content\plugins\helloworld\admin\configuration.php en la línea 32

2020-10-21T15:20:53+00:00 CRITICAL syntax error, unexpected 'foreach' (T_FOREACH) en C:\xampp\htdocs\develop\wp-content\plugins\helloworld\admin\configuration.php en la línea 32

2020-10-21T15:29:54+00:00 CRITICAL syntax error, unexpected 'foreach' (T_FOREACH) en C:\xampp\htdocs\develop\wp-content\plugins\helloworld\admin\configuration.php en la línea 32

2020-10-21T15:34:23+00:00 CRITICAL syntax error, unexpected 'foreach' (T_FOREACH) en C:\xampp\htdocs\develop\wp-content\plugins\helloworld\admin\configuration.php en la línea 37

2020-10-21T15:36:08+00:00 CRITICAL syntax error, unexpected 'foreach' (T_FOREACH) en C:\xampp\htdocs\develop\wp-content\plugins\helloworld\admin\configuration.php en la línea 37

2020-10-21T15:37:02+00:00 CRITICAL syntax error, unexpected 'foreach' (T_FOREACH) en C:\xampp\htdocs\develop\wp-content\plugins\helloworld\admin\configuration.php en la línea 37

2020-10-21T15:37:05+00:00 CRITICAL syntax error, unexpected 'foreach' (T_FOREACH) en C:\xampp\htdocs\develop\wp-content\plugins\helloworld\admin\configuration.php en la línea 37

2020-10-21T15:37:28+00:00 CRITICAL Uncaught Error: Object of class wpdb could not be converted to string in C:\xampp\htdocs\develop\wp-content\plugins\helloworld\admin\configuration.php:3
Stack trace:
#0 C:\xampp\htdocs\develop\wp-admin\admin.php(293): include()
#1 {main}
  thrown en C:\xampp\htdocs\develop\wp-content\plugins\helloworld\admin\configuration.php en la línea 3

2020-10-21T15:38:19+00:00 CRITICAL syntax error, unexpected 'var_dump' (T_STRING) en C:\xampp\htdocs\develop\wp-content\plugins\helloworld\admin\configuration.php en la línea 34

2020-10-21T15:40:16+00:00 CRITICAL syntax error, unexpected 'var_dump' (T_STRING) en C:\xampp\htdocs\develop\wp-content\plugins\helloworld\admin\configuration.php en la línea 35

2020-10-21T16:30:37+00:00 CRITICAL syntax error, unexpected '<', expecting :: (T_PAAMAYIM_NEKUDOTAYIM) en C:\xampp\htdocs\develop\wp-content\plugins\helloworld\admin\configuration.php en la línea 54

2020-10-21T16:50:00+00:00 CRITICAL syntax error, unexpected '' (T_ENCAPSED_AND_WHITESPACE), expecting '-' or identifier (T_STRING) or variable (T_VARIABLE) or number (T_NUM_STRING) en C:\xampp\htdocs\develop\wp-content\plugins\helloworld\admin\configuration.php en la línea 72

